<?xml version="1.0" encoding="UTF-8"?>
<!-- Generated by org.testng.reporters.JUnitReportReporter -->
<testsuite hostname="DESKTOP-D5HVS3C" failures="0" tests="2" name="com.amir.sampleproject.AppiumTest" time="0.005" errors="0" timestamp="2022-01-15T21:56:13 EST" skipped="0">
  <testcase classname="com.amir.sampleproject.AppiumTest" name="IOSApps" time="0.005"/>
  <system-out/>
  <testcase classname="com.amir.sampleproject.AppiumTest" name="NativeAndroid" time="0.000"/>
  <system-out/>
</testsuite> <!-- com.amir.sampleproject.AppiumTest -->
